[2017-01-31 20:36:36] START
[2017-01-31 20:43:46] EDIT prayer/views/default/index.html: 99
[2017-01-31 20:44:45] EDIT prayer/views/default/index.html: -10
[2017-01-31 20:45:11] EDIT prayer/views/default/index.html: 0
[2017-01-31 20:47:02] EDIT prayer/views/default/index.html: -2
[2017-01-31 20:47:47] EDIT prayer/views/default/index.html: -5
[2017-01-31 20:48:34] EDIT prayer/views/default/index.html: -1
[2017-01-31 20:50:30] EDIT prayer/views/default/index.html: -3
[2017-01-31 20:51:24] EDIT prayer/views/default/index.html: 0
[2017-01-31 20:51:53] EDIT prayer/views/default/index.html: -22
[2017-01-31 20:58:42] EDIT prayer/views/default/index.html: 3
[2017-01-31 20:59:21] EDIT prayer/views/default/index.html: 0
[2017-01-31 21:00:19] EDIT prayer/views/default/index.html: 7
[2017-01-31 21:01:12] EDIT prayer/views/default/index.html: 0
[2017-01-31 23:04:56] EDIT prayer/views/default/index.html: -6
[2017-01-31 23:06:47] EDIT prayer/views/default/index.html: 12
[2017-01-31 23:14:36] UPLOAD /home/LedC/web2py/applications/prayer/static/trees: 19627
[2017-01-31 23:15:19] DELETE prayer/static/trees: -19627
[2017-01-31 23:15:44] UPLOAD /home/LedC/web2py/applications/prayer/static/tr.jpg: 19627
[2017-01-31 23:17:24] EDIT prayer/views/default/index.html: 0
[2017-01-31 23:17:38] EDIT prayer/views/default/index.html: 0
[2017-01-31 23:18:01] EDIT prayer/views/default/index.html: 0
[2017-01-31 23:20:24] EDIT prayer/views/default/index.html: 0
[2017-01-31 23:21:19] EDIT prayer/views/default/index.html: 0
[2017-01-31 23:22:47] EDIT prayer/views/default/index.html: 0
[2017-01-31 23:23:23] EDIT prayer/views/default/index.html: 0
[2017-01-31 23:23:55] EDIT prayer/views/default/index.html: 0
[2017-01-31 23:24:31] EDIT prayer/views/default/index.html: 0
[2017-01-31 23:25:17] EDIT prayer/views/default/index.html: 0
[2017-01-31 23:32:24] EDIT prayer/views/default/index.html: 1
[2017-01-31 23:35:21] EDIT prayer/views/default/index.html: 0
[2017-01-31 23:36:09] EDIT prayer/views/default/index.html: 0
[2017-01-31 23:44:20] EDIT prayer/views/default/index.html: -1
[2017-01-31 23:45:08] EDIT prayer/views/default/index.html: 0
[2017-01-31 23:45:42] EDIT prayer/views/default/index.html: 0
[2017-01-31 23:47:06] EDIT prayer/views/default/index.html: 0
[2017-01-31 23:48:28] CREATE form.py: 0
[2017-01-31 23:52:14] EDIT prayer/models/form.py: 3
[2017-01-31 23:53:45] EDIT prayer/models/form.py: 0
[2017-01-31 23:53:59] EDIT prayer/models/form.py: 0
[2017-01-31 23:54:35] EDIT prayer/controllers/default.py: 8
[2017-01-31 23:55:22] EDIT prayer/views/default/index.html: 1
[2017-01-31 23:59:16] EDIT prayer/controllers/default.py: 0
[2017-02-01 00:05:30] EDIT prayer/controllers/default.py: 1
[2017-02-01 00:06:55] EDIT prayer/models/form.py: 0
[2017-02-01 00:11:41] EDIT prayer/models/form.py: 0
[2017-02-01 00:13:03] EDIT prayer/models/form.py: 0
[2017-02-01 00:15:51] EDIT prayer/controllers/default.py: 1
[2017-02-01 00:16:23] EDIT prayer/controllers/default.py: -1
[2017-02-01 00:17:45] EDIT prayer/controllers/default.py: -1
[2017-02-01 00:18:38] EDIT prayer/controllers/default.py: 0
[2017-02-01 00:37:36] EDIT prayer/views/default/index.html: 0
[2017-02-01 00:37:59] EDIT prayer/views/default/index.html: 0
[2017-02-01 00:39:26] EDIT prayer/views/default/index.html: 1
[2017-02-01 00:41:09] EDIT prayer/views/default/index.html: 4
[2017-02-01 00:43:00] EDIT prayer/views/default/index.html: -1
[2017-02-01 00:45:58] EDIT prayer/views/default/index.html: 0
[2017-02-01 00:48:16] EDIT prayer/views/default/index.html: 0
[2017-02-01 00:49:09] EDIT prayer/views/default/index.html: 2
[2017-02-01 00:58:35] EDIT prayer/views/default/index.html: 0
[2017-02-01 00:59:08] EDIT prayer/views/default/index.html: 0
[2017-02-01 01:01:39] EDIT prayer/views/default/index.html: 4
[2017-02-16 23:46:02] EDIT prayer/views/default/index.html: 12
[2017-02-16 23:48:34] EDIT prayer/views/default/index.html: 0
[2017-02-16 23:50:20] EDIT prayer/views/default/index.html: 13
[2017-02-16 23:51:18] EDIT prayer/views/default/index.html: 0
[2017-02-16 23:52:46] EDIT prayer/views/default/index.html: -13
[2017-02-16 23:54:54] EDIT prayer/views/default/index.html: -1
[2017-02-16 23:55:32] EDIT prayer/views/default/index.html: 0
[2017-02-17 00:02:40] EDIT prayer/views/default/index.html: 0
[2017-02-17 00:39:28] EDIT prayer/views/default/index.html: 0
[2017-02-17 17:30:28] EDIT prayer/controllers/default.py: 13
[2017-02-17 17:31:02] EDIT prayer/controllers/default.py: 0
[2017-02-17 17:31:37] EDIT prayer/controllers/default.py: -12
[2017-02-17 21:44:12] EDIT prayer/controllers/default.py: 0
[2017-02-17 21:45:25] EDIT prayer/views/default/index.html: 3
[2017-02-17 21:45:55] EDIT prayer/views/default/index.html: 0
[2017-02-17 21:46:31] EDIT prayer/views/default/index.html: 0
[2017-02-17 21:46:54] EDIT prayer/views/default/index.html: 0
[2017-02-17 21:47:51] EDIT prayer/views/default/index.html: 0
[2017-02-17 21:53:21] EDIT prayer/views/default/index.html: 0
[2017-02-17 21:54:11] EDIT prayer/views/default/index.html: 0
[2017-02-17 22:06:22] EDIT prayer/views/default/index.html: 3
[2017-02-17 22:22:50] EDIT prayer/views/default/index.html: 3
[2017-02-17 22:26:50] EDIT prayer/views/default/index.html: 1
[2017-02-17 22:27:26] EDIT prayer/views/default/index.html: 1
[2017-02-17 22:28:31] EDIT prayer/views/default/index.html: 1
[2017-02-17 22:29:49] EDIT prayer/views/default/index.html: 0
[2017-02-17 22:30:25] EDIT prayer/views/default/index.html: 0
[2017-02-17 22:41:51] EDIT prayer/views/default/index.html: 1
[2017-02-17 22:42:34] EDIT prayer/views/default/index.html: 0
[2017-02-17 22:43:49] EDIT prayer/views/default/index.html: 5
[2017-02-17 22:45:04] EDIT prayer/views/default/index.html: 0
[2017-02-17 22:46:11] EDIT prayer/views/default/index.html: 3
[2017-02-17 22:47:42] EDIT prayer/views/default/index.html: 0
[2017-02-17 22:49:38] EDIT prayer/views/default/index.html: 0
[2017-02-17 22:51:47] EDIT prayer/views/default/index.html: 3
[2017-02-17 22:52:08] EDIT prayer/views/default/index.html: 0
[2017-02-17 22:52:38] EDIT prayer/views/default/index.html: 0
[2017-02-18 00:11:11] EDIT prayer/views/default/index.html: 14
[2017-02-18 00:11:44] EDIT prayer/views/default/index.html: 1
[2017-02-18 00:12:10] EDIT prayer/views/default/index.html: 0
[2017-02-18 00:12:24] EDIT prayer/views/default/index.html: 0
[2017-02-18 00:13:19] EDIT prayer/views/default/index.html: -1
[2017-02-18 00:13:43] EDIT prayer/views/default/index.html: -14
[2017-02-23 19:01:18] EDIT prayer/views/default/index.html: -3
[2017-02-23 19:02:56] EDIT prayer/views/default/index.html: -1
[2017-02-23 19:06:47] EDIT prayer/models/form.py: 0
[2017-02-23 19:07:27] EDIT prayer/models/form.py: 0
[2017-02-23 19:08:48] EDIT prayer/views/default/index.html: 0
[2017-02-23 19:09:42] EDIT prayer/views/default/index.html: 0
[2017-02-23 19:23:53] EDIT prayer/views/default/index.html: 0
[2017-02-23 19:39:54] EDIT prayer/views/default/index.html: 0
[2017-02-23 19:43:27] EDIT prayer/views/default/index.html: 0
[2017-02-24 00:24:09] EDIT prayer/views/default/index.html: 0
[2017-02-28 21:32:33] EDIT prayer/views/default/index.html: 0
[2017-02-28 21:33:18] EDIT prayer/views/default/index.html: 1
[2017-02-28 21:37:00] EDIT prayer/views/default/index.html: 1
[2017-02-28 21:37:20] EDIT prayer/views/default/index.html: 0
[2017-02-28 21:43:30] EDIT prayer/views/default/index.html: 0
[2017-02-28 21:47:46] EDIT prayer/private/appconfig.ini: 0
[2017-02-28 21:48:34] EDIT prayer/private/appconfig.ini: 0
[2017-03-01 21:51:01] EDIT prayer/views/default/index.html: 34
[2017-03-01 21:52:44] EDIT prayer/views/default/index.html: 2
[2017-03-01 21:53:13] EDIT prayer/views/default/index.html: -2
[2017-03-01 21:53:57] EDIT prayer/views/default/index.html: -4
[2017-03-01 21:54:49] EDIT prayer/views/default/index.html: 0
[2017-03-01 21:56:02] EDIT prayer/views/default/index.html: 0
[2017-03-01 21:57:33] EDIT prayer/views/default/index.html: 1
[2017-03-01 21:58:22] EDIT prayer/views/default/index.html: 0
[2017-03-01 22:00:13] EDIT prayer/views/default/index.html: 6
[2017-03-01 22:00:46] EDIT prayer/views/default/index.html: 0
[2017-03-01 22:02:35] EDIT prayer/views/default/index.html: 1
[2017-03-01 22:03:50] EDIT prayer/views/default/index.html: 0
[2017-03-01 22:05:08] EDIT prayer/views/default/index.html: 0
[2017-03-01 22:06:02] EDIT prayer/views/default/index.html: -2
[2017-03-01 22:07:40] EDIT prayer/views/default/index.html: 2
[2017-03-01 22:09:12] EDIT prayer/views/default/index.html: 1
[2017-03-01 22:11:17] UPLOAD /home/LedC/web2py/applications/prayer/static/samoa.jpeg: 203
[2017-03-01 22:11:40] UPLOAD /home/LedC/web2py/applications/prayer/static/alaska.jpg: 415
[2017-03-01 22:12:11] UPLOAD /home/LedC/web2py/applications/prayer/static/california.jpg: 136
[2017-03-01 22:12:32] UPLOAD /home/LedC/web2py/applications/prayer/static/central.jpeg: 351
[2017-03-01 22:12:56] UPLOAD /home/LedC/web2py/applications/prayer/static/eastern.jpg: 341
[2017-03-01 22:13:18] UPLOAD /home/LedC/web2py/applications/prayer/static/hawaii.jpeg: 573
[2017-03-01 22:13:39] UPLOAD /home/LedC/web2py/applications/prayer/static/mountain.jpg: 377
[2017-03-01 22:17:18] EDIT prayer/views/default/index.html: 0
[2017-03-01 22:18:53] EDIT prayer/views/default/index.html: 0
[2017-03-01 22:19:37] EDIT prayer/views/default/index.html: 0
[2017-03-01 22:21:46] EDIT prayer/views/default/index.html: 0
[2017-03-01 22:24:37] EDIT prayer/views/default/index.html: 0
[2017-03-01 22:27:55] EDIT prayer/views/default/index.html: -2
[2017-03-01 22:29:15] EDIT prayer/views/default/index.html: 0
[2017-03-01 22:30:08] EDIT prayer/views/default/index.html: 0
[2017-03-01 22:30:56] EDIT prayer/views/default/index.html: 1
[2017-03-01 22:31:27] EDIT prayer/views/default/index.html: 0
[2017-03-01 22:31:28] EDIT prayer/views/default/index.html: 0
[2017-03-01 22:31:28] EDIT prayer/views/default/index.html: 0
[2017-03-01 22:33:37] EDIT prayer/views/default/index.html: 3
[2017-03-01 22:34:22] EDIT prayer/views/default/index.html: 2
[2017-03-01 22:34:58] EDIT prayer/views/default/index.html: 1
[2017-03-01 22:38:33] UPLOAD /home/LedC/web2py/applications/prayer/static/hawaii2.jpg: 585
[2017-03-01 22:38:51] EDIT prayer/views/default/index.html: 0
[2017-03-01 22:42:10] EDIT prayer/views/default/index.html: 0
[2017-03-01 22:54:03] EDIT prayer/views/default/index.html: 0
[2017-03-01 22:56:36] EDIT prayer/views/default/index.html: 0
[2017-03-01 22:57:01] EDIT prayer/views/default/index.html: -1
[2017-03-01 22:58:01] EDIT prayer/views/default/index.html: 0
[2017-03-01 23:00:04] EDIT prayer/views/default/index.html: 0
[2017-03-01 23:01:54] EDIT prayer/views/default/index.html: 0
[2017-03-01 23:17:32] EDIT prayer/views/default/index.html: 1
[2017-03-01 23:18:26] EDIT prayer/views/default/index.html: 2
[2017-03-01 23:19:25] EDIT prayer/views/default/index.html: 1
[2017-03-01 23:20:00] EDIT prayer/views/default/index.html: 0
[2017-03-01 23:20:41] EDIT prayer/views/default/index.html: 0
[2017-03-01 23:21:03] EDIT prayer/views/default/index.html: 0
[2017-03-01 23:23:14] EDIT prayer/views/default/index.html: 0
[2017-03-01 23:24:00] EDIT prayer/views/default/index.html: 0
[2017-03-01 23:24:28] EDIT prayer/views/default/index.html: 0
[2017-03-01 23:25:04] EDIT prayer/views/default/index.html: 0
[2017-03-01 23:25:32] EDIT prayer/views/default/index.html: 0
[2017-03-01 23:25:41] EDIT prayer/views/default/index.html: 0
[2017-03-01 23:26:33] EDIT prayer/views/default/index.html: 0
[2017-03-01 23:28:19] EDIT prayer/views/default/index.html: 0
[2017-03-01 23:28:43] EDIT prayer/views/default/index.html: 0
[2017-03-01 23:31:06] EDIT prayer/views/default/index.html: 0
[2017-03-01 23:33:24] EDIT prayer/views/default/index.html: 0
[2017-03-01 23:36:00] EDIT prayer/views/default/index.html: 1
[2017-03-01 23:42:49] EDIT prayer/views/default/index.html: 0
[2017-03-01 23:43:46] EDIT prayer/views/default/index.html: 0
[2017-03-01 23:44:32] EDIT prayer/views/default/index.html: -1
[2017-03-01 23:48:12] EDIT prayer/views/default/index.html: 0
[2017-03-02 00:10:23] EDIT prayer/views/default/index.html: 9
[2017-03-02 00:11:35] EDIT prayer/views/default/index.html: 0
[2017-03-02 00:13:37] EDIT prayer/views/default/index.html: 0
[2017-03-02 01:22:54] EDIT prayer/models/form.py: 1
[2017-03-02 01:24:02] EDIT prayer/controllers/default.py: 0
[2017-03-06 19:50:19] EDIT prayer/views/default/index.html: 0
[2017-03-15 21:23:09] EDIT prayer/views/default/index.html: 0
[2017-03-15 21:43:21] EDIT prayer/views/default/index.html: 0
[2017-03-15 21:46:58] EDIT prayer/views/default/index.html: 5
[2017-03-15 21:47:59] EDIT prayer/views/default/index.html: 1
[2017-03-15 21:49:17] EDIT prayer/views/default/index.html: 1
[2017-03-15 21:49:37] EDIT prayer/views/default/index.html: 0
[2017-03-15 21:50:49] EDIT prayer/views/default/index.html: 0
[2017-03-15 21:51:32] EDIT prayer/views/default/index.html: 0
[2017-03-15 21:53:01] EDIT prayer/views/default/index.html: 0
[2017-03-15 21:55:22] EDIT prayer/views/default/index.html: 0
[2017-03-15 21:55:59] EDIT prayer/views/default/index.html: 0
[2017-03-15 22:03:28] EDIT prayer/views/default/index.html: 2
[2017-03-15 22:04:06] EDIT prayer/views/default/index.html: 0
[2017-03-15 22:04:19] EDIT prayer/views/default/index.html: 0
[2017-03-15 22:05:11] EDIT prayer/views/default/index.html: 0
[2017-03-15 22:05:40] EDIT prayer/views/default/index.html: 0
[2017-03-15 22:06:00] EDIT prayer/views/default/index.html: 0
[2017-03-15 22:06:22] EDIT prayer/views/default/index.html: 1
[2017-03-15 22:08:00] EDIT prayer/views/default/index.html: 0
[2017-03-15 22:08:22] EDIT prayer/views/default/index.html: 0
[2017-03-15 22:13:01] EDIT prayer/views/default/index.html: 0
[2017-03-15 22:14:25] EDIT prayer/views/default/index.html: 0
[2017-03-15 22:14:49] EDIT prayer/views/default/index.html: 0
[2017-03-15 22:16:25] EDIT prayer/views/default/index.html: 0
[2017-03-15 22:17:01] EDIT prayer/views/default/index.html: 0
[2017-03-15 22:18:09] EDIT prayer/views/default/index.html: 0
[2017-03-15 22:18:53] EDIT prayer/views/default/index.html: 1
[2017-03-15 22:20:08] EDIT prayer/views/default/index.html: 1
[2017-03-15 22:21:09] EDIT prayer/views/default/index.html: 3
[2017-03-15 22:21:23] EDIT prayer/views/default/index.html: 1
[2017-03-15 22:22:06] EDIT prayer/views/default/index.html: 1
[2017-03-15 22:23:20] EDIT prayer/views/default/index.html: 0
[2017-03-15 22:31:42] EDIT prayer/models/db.py: 1
[2017-03-21 23:05:25] EDIT prayer/views/default/index.html: 86
[2017-03-21 23:13:04] EDIT prayer/views/default/index.html: -86
[2017-03-21 23:17:28] EDIT prayer/views/default/index.html: 0
[2017-03-21 23:18:19] EDIT prayer/views/default/index.html: 0
[2017-03-21 23:19:29] EDIT prayer/views/default/index.html: 0
[2017-03-21 23:20:20] EDIT prayer/views/default/index.html: 0
[2017-03-21 23:20:46] EDIT prayer/views/default/index.html: 0
[2017-03-21 23:24:59] EDIT prayer/views/default/index.html: 0
[2017-03-21 23:31:25] EDIT prayer/views/default/index.html: 0
[2017-03-22 00:50:08] UPLOAD /home/LedC/web2py/applications/prayer/private/sslcert: 14
